1693002402.408881 client started (23699): version 3.3a, socket /tmp/tmux-1000/default, protocol 8
1693002402.408912 on Linux 5.15.90.1-microsoft-standard-WSL2 #1 SMP Fri Jan 27 02:56:13 UTC 2023
1693002402.408922 using libevent 2.1.12-stable (poll); ncurses 6.3
1693002402.408950 flags are 0x10010000
1693002402.408959 socket is /tmp/tmux-1000/default
1693002402.408971 trying connect
1693002402.409100 add peer 0x564656364090: 6 ((nil))
1693002402.409385 sending message 100 to peer 0x564656364090 (4 bytes)
1693002402.409396 sending message 111 to peer 0x564656364090 (8 bytes)
1693002402.409402 sending message 101 to peer 0x564656364090 (16 bytes)
1693002402.409408 sending message 109 to peer 0x564656364090 (4 bytes)
1693002402.409413 sending message 102 to peer 0x564656364090 (11 bytes)
1693002402.409418 sending message 108 to peer 0x564656364090 (26 bytes)
1693002402.409424 sending message 112 to peer 0x564656364090 (70 bytes)
1693002402.409429 sending message 112 to peer 0x564656364090 (5 bytes)
1693002402.409435 sending message 112 to peer 0x564656364090 (5 bytes)
1693002402.409440 sending message 112 to peer 0x564656364090 (6 bytes)
1693002402.409445 sending message 112 to peer 0x564656364090 (6 bytes)
1693002402.409450 sending message 112 to peer 0x564656364090 (11 bytes)
1693002402.409455 sending message 112 to peer 0x564656364090 (10 bytes)
1693002402.409461 sending message 112 to peer 0x564656364090 (13 bytes)
1693002402.409466 sending message 112 to peer 0x564656364090 (13 bytes)
1693002402.409471 sending message 112 to peer 0x564656364090 (18 bytes)
1693002402.409476 sending message 112 to peer 0x564656364090 (11 bytes)
1693002402.409481 sending message 112 to peer 0x564656364090 (21 bytes)
1693002402.409487 sending message 112 to peer 0x564656364090 (13 bytes)
1693002402.409492 sending message 112 to peer 0x564656364090 (7 bytes)
1693002402.409498 sending message 112 to peer 0x564656364090 (13 bytes)
1693002402.409503 sending message 112 to peer 0x564656364090 (7 bytes)
1693002402.409508 sending message 112 to peer 0x564656364090 (13 bytes)
1693002402.409513 sending message 112 to peer 0x564656364090 (9 bytes)
1693002402.409518 sending message 112 to peer 0x564656364090 (21 bytes)
1693002402.409524 sending message 112 to peer 0x564656364090 (13 bytes)
1693002402.409529 sending message 112 to peer 0x564656364090 (8 bytes)
1693002402.409534 sending message 112 to peer 0x564656364090 (12 bytes)
1693002402.409539 sending message 112 to peer 0x564656364090 (13 bytes)
1693002402.409544 sending message 112 to peer 0x564656364090 (9 bytes)
1693002402.409549 sending message 112 to peer 0x564656364090 (9 bytes)
1693002402.409555 sending message 112 to peer 0x564656364090 (12 bytes)
1693002402.409560 sending message 112 to peer 0x564656364090 (8 bytes)
1693002402.409565 sending message 112 to peer 0x564656364090 (7 bytes)
1693002402.409570 sending message 112 to peer 0x564656364090 (7 bytes)
1693002402.409575 sending message 112 to peer 0x564656364090 (9 bytes)
1693002402.409580 sending message 112 to peer 0x564656364090 (13 bytes)
1693002402.409585 sending message 112 to peer 0x564656364090 (9 bytes)
1693002402.409590 sending message 112 to peer 0x564656364090 (15 bytes)
1693002402.409595 sending message 112 to peer 0x564656364090 (13 bytes)
1693002402.409601 sending message 112 to peer 0x564656364090 (12 bytes)
1693002402.409606 sending message 112 to peer 0x564656364090 (8 bytes)
1693002402.409611 sending message 112 to peer 0x564656364090 (14 bytes)
1693002402.409616 sending message 112 to peer 0x564656364090 (9 bytes)
1693002402.409621 sending message 112 to peer 0x564656364090 (10 bytes)
1693002402.409626 sending message 112 to peer 0x564656364090 (10 bytes)
1693002402.409631 sending message 112 to peer 0x564656364090 (10 bytes)
1693002402.409636 sending message 112 to peer 0x564656364090 (10 bytes)
1693002402.409642 sending message 112 to peer 0x564656364090 (11 bytes)
1693002402.409647 sending message 112 to peer 0x564656364090 (10 bytes)
1693002402.409652 sending message 112 to peer 0x564656364090 (8 bytes)
1693002402.409657 sending message 112 to peer 0x564656364090 (11 bytes)
1693002402.409670 sending message 112 to peer 0x564656364090 (11 bytes)
1693002402.409675 sending message 112 to peer 0x564656364090 (11 bytes)
1693002402.409681 sending message 112 to peer 0x564656364090 (8 bytes)
1693002402.409686 sending message 112 to peer 0x564656364090 (8 bytes)
1693002402.409691 sending message 112 to peer 0x564656364090 (8 bytes)
1693002402.409696 sending message 112 to peer 0x564656364090 (10 bytes)
1693002402.409702 sending message 112 to peer 0x564656364090 (10 bytes)
1693002402.409707 sending message 112 to peer 0x564656364090 (10 bytes)
1693002402.409712 sending message 112 to peer 0x564656364090 (10 bytes)
1693002402.409717 sending message 112 to peer 0x564656364090 (10 bytes)
1693002402.409722 sending message 112 to peer 0x564656364090 (11 bytes)
1693002402.409727 sending message 112 to peer 0x564656364090 (11 bytes)
1693002402.409732 sending message 112 to peer 0x564656364090 (10 bytes)
1693002402.409737 sending message 112 to peer 0x564656364090 (9 bytes)
1693002402.409742 sending message 112 to peer 0x564656364090 (9 bytes)
1693002402.409748 sending message 112 to peer 0x564656364090 (12 bytes)
1693002402.409753 sending message 112 to peer 0x564656364090 (9 bytes)
1693002402.409759 sending message 112 to peer 0x564656364090 (6 bytes)
1693002402.409764 sending message 112 to peer 0x564656364090 (13 bytes)
1693002402.409769 sending message 112 to peer 0x564656364090 (8 bytes)
1693002402.409774 sending message 112 to peer 0x564656364090 (15 bytes)
1693002402.409779 sending message 112 to peer 0x564656364090 (13 bytes)
1693002402.409784 sending message 112 to peer 0x564656364090 (70 bytes)
1693002402.409790 sending message 112 to peer 0x564656364090 (69 bytes)
1693002402.409795 sending message 112 to peer 0x564656364090 (10 bytes)
1693002402.409800 sending message 112 to peer 0x564656364090 (8 bytes)
1693002402.409805 sending message 112 to peer 0x564656364090 (15 bytes)
1693002402.409810 sending message 112 to peer 0x564656364090 (13 bytes)
1693002402.409815 sending message 112 to peer 0x564656364090 (10 bytes)
1693002402.409821 sending message 112 to peer 0x564656364090 (10 bytes)
1693002402.409826 sending message 112 to peer 0x564656364090 (5 bytes)
1693002402.409831 sending message 112 to peer 0x564656364090 (15 bytes)
1693002402.409838 sending message 104 to peer 0x564656364090 (0 bytes)
1693002402.409844 sending message 110 to peer 0x564656364090 (0 bytes)
1693002402.409851 sending message 107 to peer 0x564656364090 (4 bytes)
1693002402.409856 sending message 105 to peer 0x564656364090 (46 bytes)
1693002402.409861 sending message 105 to peer 0x564656364090 (11 bytes)
1693002402.409867 sending message 105 to peer 0x564656364090 (11 bytes)
1693002402.409872 sending message 105 to peer 0x564656364090 (57 bytes)
1693002402.409877 sending message 105 to peer 0x564656364090 (19 bytes)
1693002402.409882 sending message 105 to peer 0x564656364090 (18 bytes)
1693002402.409887 sending message 105 to peer 0x564656364090 (16 bytes)
1693002402.409892 sending message 105 to peer 0x564656364090 (16 bytes)
1693002402.409897 sending message 105 to peer 0x564656364090 (8 bytes)
1693002402.409902 sending message 105 to peer 0x564656364090 (15 bytes)
1693002402.409908 sending message 105 to peer 0x564656364090 (32 bytes)
1693002402.409913 sending message 105 to peer 0x564656364090 (1764 bytes)
1693002402.409935 sending message 105 to peer 0x564656364090 (44 bytes)
1693002402.409941 sending message 105 to peer 0x564656364090 (21 bytes)
1693002402.409946 sending message 105 to peer 0x564656364090 (59 bytes)
1693002402.409951 sending message 105 to peer 0x564656364090 (16 bytes)
1693002402.409956 sending message 105 to peer 0x564656364090 (33 bytes)
1693002402.409962 sending message 105 to peer 0x564656364090 (68 bytes)
1693002402.409967 sending message 105 to peer 0x564656364090 (33 bytes)
1693002402.409972 sending message 105 to peer 0x564656364090 (11 bytes)
1693002402.409978 sending message 105 to peer 0x564656364090 (277 bytes)
1693002402.409983 sending message 105 to peer 0x564656364090 (40 bytes)
1693002402.409993 sending message 105 to peer 0x564656364090 (30 bytes)
1693002402.409998 sending message 105 to peer 0x564656364090 (19 bytes)
1693002402.410003 sending message 105 to peer 0x564656364090 (8 bytes)
1693002402.410009 sending message 105 to peer 0x564656364090 (21 bytes)
1693002402.410014 sending message 105 to peer 0x564656364090 (18 bytes)
1693002402.410019 sending message 105 to peer 0x564656364090 (26 bytes)
1693002402.410024 sending message 105 to peer 0x564656364090 (34 bytes)
1693002402.410029 sending message 105 to peer 0x564656364090 (13 bytes)
1693002402.410034 sending message 105 to peer 0x564656364090 (53 bytes)
1693002402.410040 sending message 105 to peer 0x564656364090 (12 bytes)
1693002402.410045 sending message 105 to peer 0x564656364090 (26 bytes)
1693002402.410050 sending message 105 to peer 0x564656364090 (24 bytes)
1693002402.410055 sending message 105 to peer 0x564656364090 (33 bytes)
1693002402.410060 sending message 105 to peer 0x564656364090 (23 bytes)
1693002402.410065 sending message 105 to peer 0x564656364090 (31 bytes)
1693002402.410071 sending message 105 to peer 0x564656364090 (53 bytes)
1693002402.410076 sending message 105 to peer 0x564656364090 (48 bytes)
1693002402.410081 sending message 105 to peer 0x564656364090 (35 bytes)
1693002402.410086 sending message 105 to peer 0x564656364090 (37 bytes)
1693002402.410091 sending message 105 to peer 0x564656364090 (40 bytes)
1693002402.410097 sending message 105 to peer 0x564656364090 (38 bytes)
1693002402.410102 sending message 105 to peer 0x564656364090 (28 bytes)
1693002402.410107 sending message 105 to peer 0x564656364090 (16 bytes)
1693002402.410112 sending message 105 to peer 0x564656364090 (17 bytes)
1693002402.410117 sending message 106 to peer 0x564656364090 (0 bytes)
1693002402.410214 sending message 200 to peer 0x564656364090 (4 bytes)
1693002402.410227 client loop enter
1693002402.410981 peer 0x564656364090 message 303
1693002402.410995 open write file 2 -
1693002402.411010 sending message 305 to peer 0x564656364090 (8 bytes)
1693002402.411024 write check file 2
1693002402.411379 peer 0x564656364090 message 304
1693002402.411393 write 58 to file 2
1693002402.411402 peer 0x564656364090 message 203
1693002402.411407 file 2 58 bytes left
1693002402.411471 write check file 2
1693002402.411482 client loop exit
